<?xml version="1.0" encoding="UTF-8"?>
<!-- Generated by org.testng.reporters.JUnitReportReporter -->
<testsuite skipped="0" hostname="HJL010603" name="com.zoho.personalInfo.PersonalInfoTest" tests="1" failures="0" timestamp="30 Nov 2018 13:19:41 GMT" time="9.931" errors="0">
  <testcase name="testPersonalInfo" time="9.931" classname="com.zoho.personalInfo.PersonalInfoTest"/>
</testsuite> <!-- com.zoho.personalInfo.PersonalInfoTest -->
